[   0.0000Linuversn 4..0-74-generic (buildd@lcy0-ad64-0) (g veron 7.40 (Ubuu 7.4.01uuntu18.01)) 4-Ubtu S Thuec 198:068 UT2019Ubunt4.15-74.8gener 4.1.1)
[  0.0000]omma lin BOOIMAG=/oot/vmlinuz-4.15.0-74-generic root=LABEL=cloudimg-rootfs ro console=tty1 console=ttyS0
[  0.0000] KERNEL supported cpus:
[  0.0000] Int GenneInt
[   .0000]  MD AhenticMD
[  0.0000] Cenau CenauHau
[   .00000 x86/f: SuprtinXSAVfeatu 0x0: 'x floang pot reistes'
[    0.000000] x86/fpu: Supporting XSAVE feature 0x002: 'SSE registers'
[    0.000000] x86/fpu: Supporting XSAVE feature 0x004: 'AVX registers'
[    0.000000] x86/fpu: xstate_offset[2]:  576, xstate_sizes[2]:  256
[    0.000000] x86/fpu: Enabled xstate features 0x7, context size is 832 bytes, using 'standard' format.
[    0.000000] e820: BIOS-provided physical RAM map:
[    0.000000] BIOS-e820: [mem 0x0000000000000000-0x000000000009fbff] usable
[    0.000000] BIOS-e820: [mem 0x000000000009fc00-0x000000000009ffff] reserved
[    0.000000] BIOS-e820: [mem 0x00000000000f0000-0x000000000ffffreseed
   0.0000]IOS-e820: [mem 0x00000000100000-0x00003ffefff usab
[   00000] BIOe820 [em 0000000003fff0000-0x000000003fffffff] ACPI data
[    0.000000] BIOS-e820: [mem 0x00000000fec00000-0x00000000fec00fff] reserved
[    0.000000] BIOS-e820: [mem 0x00000000fee00000-0x00000000fee00fff] reserved
[   .00000 BIO-e20: [mem 0x00000000ffc000-000000ffffff] serv
[   .0000] NXExecute Disable) protection: active
[  0.0000]MBIO2.5 esen.
[  0.0000] DMI: innotek GmbH VirtualBox/VirtualBox, BIOS VirtlBox2/01006[   0.0000] ypeisoretect: KVM
[  0.0000]820: la_pfn 0x3ff maxrch_n = 0x400000000
[    0.000000] MTRR: Disabled
[    0.000000] x86/PAT: MTRRs disabled, skipping PAT initialization too.
[    0.000000] CPU MTRRs all blank - virtualized system.
[    0.000000] x86/PAT: Configuration [0-7]: WB  WT  UC- UC  WB  WT  UC- UC  
[    0.000000] found SMP MP-table at [mem 0x0009fff0-0x0009ffff]
[    0.000000] Scanning 1 areas for low memory corruption
[    0.000000] RAMDISK: [mem 0x35a71000-0x36d2ffff]
[    0.000000] ACPI: Early table checksum verification disabled
[    0.000000] ACPI: RSDP 0x00000000000E0000 000024 (v02 VBOX  )
[    0.000000] ACPI: XSDT 0x000000003FFF0030 00003C (v01 VBOX   VBOXXSDT 00000001 ASL  00000061)

[    0.000000] ACPI: FACP 0x000000003FFF00F0 0000F4 (v04 VBOX   VBOXFACP 00000001 ASL  00000061)
[   .000000] ACPI: DSDT 0x000000003FFF0470 0021FF (v02 VBOX   VBOXBIOS 00000002 INTL 20100528)
[    0.000000] ACPI: FACS 0x000000003FFF0200 000040
[    0.000000] ACPI: FACS 0x000000003FFF0200 000040
[    0.000000] ACPI: APIC 0x000000003FFF0240 00005C (v02 VBOX   VBOXAPIC 00000001 ASL  00000061)
[    0.000000] ACPI: SSDT 0x000000003FFF02A0 0001CC (v01 VBOX   VBOXCPUT 00000002 INTL 20100528)
[    0.000000] No NUMA configuration found
[    0.000000] Faking a node at [mem 0x0000000000000000-0x000000003ffeffff]
[    0.000000] NODE_DATA(0) allocated [mem 0x3ffc5000-0x3ffeffff]
[    0.000000] kvm-clock: cpu 0, msr 0:3ff44001, primary cpu clock
[    0.000000] kvm-clock: Using msrs 4b564d01 and 4b564d00
[    0.000000] kvm-clock: using sched offset of 3351878303 cycles
[    0.000000] clocksource: kvm-clock: mask: 0xffffffffffffffff max_cycles: 0x1cd42e4dffb, max_idle_ns: 881590591483 ns
[    0.000000] Zone ranges:
[    0.000000]   DMA      [mem 0x00000000000001000-0x0000000000ffffff]
[    0.000000]   DMA32    [mem 0x0000000001000000-0x000000003ffeffff]
[    0.000000]   Normal   empty
[    0.000000]   Device   empty
[    0.000000] Movable zone start for each node
[    0.000000] Early memory node ranges
[    0.000000]   node   0: [mem 0x0000000000001000-0x000000000009efff]
[    0.000000]   node   0: [mem 0x0000000000100000-0x000000003ffeffff]
[    0.000000] Reserved but unavailable: 98 pages
[    0.000000] Initmem setup node 0 [mem 0x0000000000001000-0x000000003ffeffff]
[    0.000000] ACPI: PM-Timer IO Port: 0x4008
[    0.000000] IOAPIC[0]: apic_id 2, version 32, address 0xfec00000, GSI 0-23
[    0.000000] ACPI: INT_SRC_OVR (bus 0 bus_irq 0 global_irq 2 dfl dfl)
[    0.000000] ACPI: INT_SRC_OVR (bus 0 bus_irq 9 global_irq 9 low level)
[    0.000000] Using ACPI (MADT) for SMP configuration infoatio
[   .0000] smoot:llowi 2 CPUs0 hoplg CPUs
[   0.0000] PM: Registeednosave memory: [mem 0x00000000-0x00000fff]
[  0.0000] P Regtered nsaveemor [memx000000-0009ff]
   0.0000] : Registeednosae emor [me0x000000x000fff]
[    0.000000] PM: Registered nosave memory: [mem 0x000f0000-0x000fffff]
[   0.0000] 20: em 0x40000000-0xfebfffff] availabe or PCdevis
[  0.0000]ooti paravirtualized kernel on KVM
[  0.00000 closource: refined-jiffies: mask: 0xffffffff max_cycles: 0xffffffff, max_ilens: 7645596021156ns
   0.00000] ranm: getandom_tes cled fr stat_erne0x99x4fd wh cr_ini=0
[  0.00000 setupercpu: NR_CPUS:8192 nr_cpumask_bits:2 nr_cpu_ids:2 nr_node_ids:1[   .0000] pcpu: Ebeded 5 ages/cpu s147456 r8192 d28672 u1048576
[  0.0000] Pqspiock sh tle entries: 25(ord: 0,096 bytes)
[  0.0000] Built 1 zonelists, mobility grouping on.  Total pages: 257913
[    0.000000] Policy zone: DMA32
[    0.000000] Kernel command line: BOOT_IMAGE=/boot/vmlinuz-4.15.0-74-generic root=LABEL=cloudimg-rootfs ro console=tty1 console=ttyS0
[    0.000000]emor: 8308/104120K available (12300K kernel code, 2481K rwdata, 4260K rodata, 2428K init, 2704K bss, 65036K reserve 0K cmreseed)[   .0000] SB: Hlign4, Order=0-3, MinObjects=0, CPUs=2, Nodes=1
[    0.000000] Kernel/Usepage tables isotionenabd
[  0.0000]ftace:llocing 322 entries in 154 pages
[   0.0400] eraricalRC implentaon.[    0.004000] 	RCU restricting CPUs frm R_CPUS=8192 to nr_cpu_ids=2.
   0.0000]Task RU enabled.
[  0.0000]CU: Austi geometr forcu_fano_lea=1, nrcp_ids
[    00400 NR_QS: 4544nr_is: 4, prealocted is: 1
[   .0040] Cnsole: colour VGA+ 80x25
[    0.004000] console [tty1] enabled
[  0.0000]onsolettyS enaed
   0.0400] AI: Ce resion 200831
[  0.0000]CPI: ACPI L taes sucssfully acquired and loaded
[    0.004000] APIC: Switch to symmetric I/O mode setup
[    0.004000] x2apic enabled[    0.004005] Switched APIC routing to physical x2apic.
[    0.009104] ..TIMER: vector=0x30 apic1=0 pin1=2 apic2=-1 pin2=-1
[    0.012002] tsc: Detected 3696.002 MHz processor
[    0.016006] Calibrating delay loop (skipped) preset value.. 7392.00 BogoMIPS (lpj=14784008)
[    0.020003] pid_max: default: 32768 minimum: 301
[    0.024029] Security Framework initialized
[    0.028003] Yama: becoming mindful.
[    0.032020] AppArmor: AppArmor initialized
[    0.040038] Dentry cache hash table entries: 131072 (order: 8, 1048576 bytes)
[    0.044051] Inode-cache hash table entries: 65536 (order: 7, 524288 bytes)
[    0.048010] Mount-cache hash table entries: 2048 (order: 2, 16384 bytes)
[    0.052009] Mountpoint-cache hash table entries: 2048 (order: 2, 16384 bytes)
[    0.056191] Last level iTLB entries: 4KB 64, 2MB 8, 4MB 8
[    0.057001] Last level dTLB entries: 4KB 64, 2MB 0, 4MB 0, 1GB 4
[    0.060002] Spectre V1 : Mitigation: usercopy/swapgs barriers and __user pointer sanitization
[    0.064001] Spectre V2 : Mitigation: Full generic retpoline
[    0.064815] Spectre V2 : Spectre v2 / SpectreRSB mitigation: Filling RSB on context switch
[    0.066052] Speculative Store Bypass: Vulnerable
[    0.066781] MDS: Vulnerable: Clear CPU buffers attempted, no microcode
[    0.068150] Freeing SMP alternatives memory: 36K
[    0.177751] smpboot: CPU0: Intel(R) Core(TM) i7-8700K CPU @ 3.70GHz (family: 0x6, model: 0x9e, stepping: 0xa)
[    0.180061] Performance Events: unsupported p6 CPU model 158 no PMU driver, software events only.
[    0.184035] Hierarchical SRCU implementation.
[    0.188414] NMI watchdog: Perf event create on CPU 0 failed with -2
[    0.192004] NMI watchdog: Perf NMI watchdog permanently disabled
[    0.196047] smp: Bringing up secondary CPUs ...
[    0.200074] x86: Booting SMP configuration:
[    0.204002] .... node  #0, CPUs:      #1
[    0.004000] kvm-clock: cpu 1, msr 0:3ff44041, secondary cpu clock
[    0.522120] smp: Brought up 1 node, 2 CPUs
[    0.524003] smpboot: Max logical packages: 1
[    0.528005] smpboot: Total of 2 processors activated (14784.00 BogoMIPS)
[    0.532092] devtmpfs: initialized
[    0.536044] x86/mm: Memory block size: 128MB
[    0.540124] evm: security.selinux
[    0.544004] evm: security.SMACK64
[    0.548003] evm: security.SMACK64EXEC
[    0.552001] evm: security.SMACK64TRANSMUTE
[    0.556003] evm: security.SMACK64MMAP
[    0.560002] evm: security.apparmor
[    0.564003] evm: security.ima
[    0.568003] evm: security.capability
[    0.572070] clocksource: jiffies: mask: 0xffffffff max_cycles: 0xffffffff, max_idle_ns: 7645041785100000 ns
[    0.576009] futex hash table entries: 512 (order: 3, 32768 bytes)
[    0.585453] pinctrl core: initialized pinctrl subsystem
[    0.586635] RTC time: 22:01:43, date: 01/10/20
[    0.587720] NET: Registered protocol family 16
[    0.588086] audit: initializing netlink subsys (disabled)
[    0.589220] audit: type=2000 audit(1578693688.551:1): state=initialized audit_enabled=0 res=1
[    0.589220] cpuidle: using governor ladder
[    0.592006] cpuidle: using governor menu
[    0.593031] ACPI: bus type PCI registered
[    0.593997] acpiphp: ACPI Hot Plug PCI Controller Driver version: 0.5
[    0.596016] PCI: Using configuration type 1 for base access
[    0.597403] HugeTLB registered 2.00 MiB page size, pre-allocated 0 pages
[    0.600079] ACPI: Added _OSI(Module Device)
[    0.601123] ACPI: Added _OSI(Processor Device)
[    0.604004] ACPI: Added _OSI(3.0 _SCP Extensions)
[    0.608004] ACPI: Added _OSI(Processor Aggregator Device)
[    0.612002] ACPI: Added _OSI(Linux-Dell-Video)
[    0.612671] ACPI: Added _OSI(Linux-Lenovo-NV-HDMI-Audio)
[    0.613446] ACPI: Added _OSI(Linux-HPI-Hybrid-Graphics)
[    0.614455] ACPI: Executed 1 blocks of module-level executable AML code
[    0.623829] ACPI: Interpreter enabled
[    0.624018] ACPI: (supports S0 S5)
[    0.624750] ACPI: Using IOAPIC for interrupt routing
[    0.626161] PCI: Using host bridge windows from ACPI; if necessary, use "pci=nocrs" and report a bug
[    0.628161] ACPI: Enabled 2 GPEs in block 00 to 07
[    0.637317] ACPI: PCI Root Bridge [PCI0] (domain 0000 [bus 00-ff])
[    0.638513] acpi PNP0A03:00: _OSC: OS supports [ASPM ClockPM Segments MSI]
[    0.639896] acpi PNP0A03:00: _OSC: not requesting OS control; OS requires [ExtendedConfig ASPM ClockPM MSI]
[    0.640014] acpi PNP0A03:00: fail to add MMCONFIG information, can't access extended PCI configuration space under this bridge.
[    0.644312] PCI host bridge to bus 0000:00
[    0.645227] pci_bus 0000:00: root bus resource [io  0x0000-0x0cf7 window]
[    0.646204] pci_bus 0000:00: root bus resource [io  0x0d00-0xffff window]
[    0.647173] pci_bus 0000:00: root bus resource [mem 0x000a0000-0x000bffff window]
[    0.648002] pci_bus 0000:00: root bus resource [mem 0x40000000-0xfdffffff window]
[    0.652005] pci_bus 0000:00: root bus resource [bus 00-ff]
[    0.660161] pci 0000:00:01.1: legacy IDE quirk: reg 0x10: [io  0x01f0-0x01f7]
[    0.664005] pci 0000:00:01.1: legacy IDE quirk: reg 0x14: [io  0x03f6]
[    0.668004] pci 0000:00:01.1: legacy IDE quirk: reg 0x18: [io  0x0170-0x0177]
[    0.672005] pci 0000:00:01.1: legacy IDE quirk: reg 0x1c: [io  0x0376]
[    0.687289] pci 0000:00:07.0: quirk: [io  0x4000-0x403f] claimed by PIIX4 ACPI
[    0.688015] pci 0000:00:07.0: quirk: [io  0x4100-0x410f] claimed by PIIX4 SMB
[    0.697140] ACPI: PCI Interrupt Link [LNKA] (IRQs 5 9 10 *11)
[    0.700303] ACPI: PCI Interrupt Link [LNKB] (IRQs 5 9 *10 11)
[    0.704120] ACPI: PCI Interrupt Link [LNKC] (IRQs 5 *9 10 11)
[    0.708118] ACPI: PCI Interrupt Link [LNKD] (IRQs 5 9 10 *11)
[    0.712262] SCSI subsystem initialized
[    0.716055] pci 0000:00:02.0: vgaarb: setting as boot VGA device
[    0.716940] pci 0000:00:02.0: vgaarb: VGA device added: decodes=io+mem,owns=io+mem,locks=none
[    0.718303] pci 0000:00:02.0: vgaarb: bridge control possible
[    0.719164] vgaarb: loaded
[    0.720020] ACPI: bus type USB registered
[    0.720694] usbcore: registered new interface driver usbfs
[    0.722863] usbcore: registered new interface driver hub
[    0.724025] usbcore: registered new device driver usb
[    0.728046] EDAC MC: Ver: 3.0.0
[    0.736137] PCI: Using ACPI for IRQ routing
[    0.740211] NetLabel: Initializing
[    0.744003] NetLabel:  domain hash size = 128
[    0.748001] NetLabel:  protocols = UNLABELED CIPSOv4 CALIPSO
[    0.752020] NetLabel:  unlabeled traffic allowed by default
[    0.756058] clocksource: Switched to clocksource kvm-clock
[   0.75] S:is quotas uo6.0  1.38] FS: qu-cheastae trs:12orr  46 te
[    2.172574] AppArmor: AppArmor Filesystem Enabled
[  2813]npPnAC it
[  5426pn P AI:ou 3eves
[  3753]losoceac_p mk:xffff x_cl: 0xffffff, max_idle_ns: 2085701024 ns
[  3376]ETRestedrocofaly 2

[    4.223994] TCP establiheha tlentes812 (orde: 4,5536 byes

[  4.63] P ndastae trs:19(oer5,312 te
  5.0343] TCP: Hash tables configured (established 8192 bind 8192)
[  5621]DPastae trs:12orr:, 38bys)[  6793]DPite ash blenies: 512 (order: 2, 16384 bytes)
[    6.687439] NET: Registered protocol family 1
[    6.688406] pci 0000:00:00.0: Limiting direct PCI/PCI transfers
[    6.689576] pci 0000:00:01.0: Activating ISA DMA hang workarounds
[    6.690813] pci 0000:00:02.0: Video device with shadowed ROM at [mem 0x000c0000-0x000dffff]
[    6.692559] Unpacking initramfs...

[    6.911517] Freeing initrd memory: 19196K
[    7.013977] clocksource: tsc: mask: 0xffffffffffffffff max_cycles: 0x6a8d2ad56ed, max_idle_ns: 881591064802 ns
[    7.326524] platform rtc_cmos: registered platform RTC device (no PNP device found)
[    7.352141] Scanning for low memory corruption every 60 seconds
[    7.353841] Initialise system trusted keyrings
[    7.354840] Key type blacklist registered
[    7.355958] workingset: timestamp_bits=36 max_order=18 bucket_order=0
[    7.358501] zbud: loaded
[    7.359757] squashfs: version 4.0 (2009/01/31) Phillip Lougher
[    7.361239] fuse init (API version 7.26)
[    7.364536] Key type asymmetric registered
[    7.365406] Asymmetric key parser 'x509' registered
[    7.366440] Block layer SCSI generic (bsg) driver version 0.4 loaded (major 246)
[    7.368064] io scheduler noop registered
[    7.368896] io scheduler deadline registered
[    7.369820] io scheduler cfq registered (default)
[    7.371117] ACPI: AC Adapter [AC] (on-line)
[    7.372037] input: Power Button as /devices/LNXSYSTM:00/LNXPWRBN:00/input/input0
[    7.373553] ACPI: Power Button [PWRF]
[    7.403656] input: Sleep Button as /devices/LNXSYSTM:00/LNXSLPBN:00/input/input1
[    7.404900] ACPI: Sleep Button [SLPF]
[    7.405863] Serial: 8250/16550 driver, 32 ports, IRQ sharing enabled
[    7.442742] 00:02: ttyS0 at I/O 0x3f8 (irq = 4, base_baud = 115200) is a 16550A
[   .46861 Luxgprtntfa v10

[    7.930269] loop: module loaded
[    8.034500] scsi host0: ata_piix
[    8.100400] scsi host1: ata_piix
[    8.130916] ata1: PATA max UDMA/33 cmd 0x1f0 ctl 0x3f6 bmdma 0xd000 irq 14
[    8.245818] ata2: PATA max UDMA/33 cmd 0x170 ctl 0x376 bmdma 0xd008 irq 15
[    8.270595] libphy: Fixed MDIO Bus: probed
[    8.271307] tun: Universal TUN/TAP device driver, 1.6
[    8.272180] PPP generic driver version 2.4.2
[    8.272892] ehci_hcd: USB 2.0 'Enhanced' Host Controller (EHCI) Driver
[    8.273902] ehci-pci: EHCI PCI platform driver
[    8.274629] ehci-platform: EHCI generic platform driver
[    8.275461] ohci_hcd: USB 1.1 'Open' Host Controller (OHCI) Driver
[    8.312047] ohci-pci: OHCI PCI platform driver
[    8.409424] ohci-platform: OHCI generic platform driver
[    8.410268] uhci_hcd: USB Universal Host Controller Interface driver
[    8.452293] i8042: PNP: PS/2 Controller [PNP0303:PS2K,PNP0f03:PS2M] at 0x60,0x64 irq 1,12
[    8.714507] serio: i8042 KBD port at 0x60,0x64 irq 1
[    8.791234] serio: i8042 AUX port at 0x60,0x64 irq 12
[    8.872569] mousedev: PS/2 mouse device common for all mice
[    9.050878] input: AT Translated Set 2 keyboard as /devices/platform/i8042/serio0/input/input2
[    9.085513] rtc_cmos rtc_cmos: rtc core: registered rtc_cmos as rtc0
[    9.095804] rtc_cmos rtc_cmos: alarms up to one day, 114 bytes nvram
[    9.104529] i2c /dev entries driver
[    1913devie-pp: ve: ersi 1.3
[    9.688276] device-mapper: ioctl: 4.37.0-ioctl (2017-09-20) initialised: dm-devel@redhat.com
[    9.905578] ledtrig-cpu: registered to indicate activity on CPUs
[   10.137165] NET: Registered protocol family 10
[   10.271938] Segment Routing with IPv6
[   10.312513] NET: Registered protocol family 17
[   10.432443] Key type dns_resolver registered
[   10.557489] mce: Using 0 MCE banks
[   10.602293] RAS: Correctable Errors collector initialized.
[   10.609985] sched_clock: Marking stable (10609975235, 0)->(32689471379, -22079496144)
[   10.611654] registered taskstats version 1
[   10.725171] Loading compiled-in X.509 certificates
[   10.821406] Loaded X.509 cert 'Build time autogenerated kernel key: 62d24f9c726e026b112735485dad6e6e4b50c923'
[   10.866724] zswap: loaded using pool lzo/zbud
[   10.869757] Key type big_key registered
[   10.902182] Key type trusted registered
[   10.910217] Key type encrypted registered
[   10.960548] AppArmor: AppArmor sha1 policy hashing enabled
[   11.116322] ima: No TPM chip found, activating TPM-bypass! (rc=-19)
[   11.319297] ima: Allocated hash algorithm: sha1
[   11.439402] evm: HMAC attrs: 0x1
[   11.440121]   Magic number: 4:17:47
[   11.440783] rtc_cmos rtc_cmos: setting system clock to 2020-01-10 22:01:56 UTC (1578693716)
[   11.442266] BIOS EDD facility v0.16 2004-Jun-25, 0 devices found
[   11.644795] EDD information not available.
[   11.738360] Freeing unused kernel image memory: 2428K
[   11.912108] Write protecting the kernel read-only data: 20480k
[   11.969762] Freeing unused kernel image memory: 2008K
[   12.457191] Freeing unused kernel image memory: 1884K
[   12.888967] x86/mm: Checked W+X mappings: passed, no W+X pages found.
[   14.299685] x86/mm: Checking user space page tables
[   15.368635] x86/mm: Checked W+X mappings: passed, no W+X pages found.
Loading, please wait...
starting version 237
[   16.714138] Fusion MPT base driver 3.04.20
[   16.792460] Copyright (c) 1999-2008 LSI Corporation
[   16.848255] e1000: Intel(R) PRO/1000 Network Driver - version 7.3.21-k8-NAPI
[   16.902355] e1000: Copyright (c) 1999-2006 Intel Corporation.
[   17.042323] AVX2 version of gcm_enc/dec engaged.
[   17.197593] AES CTR mode by8 optimization enabled
[   17.282019] Fusion MPT SPI Host driver 3.04.20
[   17.483300] input: ImExPS/2 Generic Explorer Mouse as /devices/platform/i8042/serio1/input/input4
[   17.608591] e1000 0000:00:03.0 eth0: (PCI:33MHz:32-bit) 02:57:a3:c3:eb:b7
[   17.899989] e1000 0000:00:03.0 eth0: Intel(R) PRO/1000 Network Connection
[   18.159363] e1000 0000:00:03.0 enp0s3: renamed from eth0
[   18.222462] mptbase: ioc0: Initiating bringup
[   18.629720] ioc0: LSI53C1030 A0: Capabilities={Initiator}
[   20.607857] scsi host2: ioc0: LSI53C1030 A0, FwRev=00000000h, Ports=1, MaxQ=256, IRQ=20
[   22.785410] scsi 2:0:0:0: Direct-Access     VBOX     HARDDISK         1.0  PQ: 0 ANSI: 5
[   23.040763] scsi target2:0:0: Beginning Domain Validation
[   23.173461] scsi target2:0:0: Domain Validation skipping write tests
[   23.174437] scsi target2:0:0: Ending Domain Validation
[   23.175419] scsi target2:0:0: asynchronous
[   23.176832] scsi 2:0:1:0: Direct-Access     VBOX     HARDDISK         1.0  PQ: 0 ANSI: 5
[   23.208324] scsi target2:0:1: Beginning Domain Validation
[   23.402163] random: fast init done
[   23.987426] scsi target2:0:1: Domain Validation skipping write tests
[   23.988428] scsi target2:0:1: Ending Domain Validation
[   23.989312] scsi target2:0:1: asynchronous
[   23.993798] random: systemd-udevd: uninitialized urandom read (16 bytes read)
[   23.995005] random: systemd-udevd: uninitialized urandom read (16 bytes read)
[   24.095581] sd 2:0:0:0: Attached scsi generic sg0 type 0
[   24.096031] sd 2:0:0:0: [sda] 20971520 512-byte logical blocks: (10.7 GB/10.0 GiB)
[   24.236305] random: systemd-udevd: uninitialized urandom read (16 bytes read)
[   24.238028] sd 2:0:0:0: [sda] Write Protect is off
[   24.239832] sd 2:0:0:0: [sda] Incomplete mode parameter data
[   24.240740] sd 2:0:0:0: [sda] Assuming drive cache: write through
[   24.242233] sd 2:0:1:0: Attached scsi generic sg1 type 0
[   24.243363] sd 2:0:1:0: [sdb] 20480 512-byte logical blocks: (10.5 MB/10.0 MiB)
[   24.244766] sd 2:0:1:0: [sdb] Write Protect is off
[   24.245816] sd 2:0:1:0: [sdb] Incomplete mode parameter data
[   24.246686] sd 2:0:1:0: [sdb] Assuming drive cache: write through
[   24.250431]  sda: sda1
[   24.337492] sd 2:0:0:0: [sda] Attached SCSI disk
[   24.394182] sd 2:0:1:0: [sdb] Attached SCSI disk
Begin: Loading essential drivers ... [   25.908795] raid6: sse2x1   gen() 14564 MB/s
[   25.980634] raid6: sse2x1   xor()  8935 MB/s
[   26.040157] raid6: sse2x2   gen() 17916 MB/s
[   26.112018] raid6: sse2x2   xor() 12001 MB/s
[   26.180326] raid6: sse2x4   gen() 20604 MB/s
[   26.244746] raid6: sse2x4   xor()  9501 MB/s
[   26.324267] raid6: avx2x1   gen() 29034 MB/s
[   26.372591] raid6: avx2x1   xor() 20677 MB/s
[   26.516015] raid6: avx2x2   gen() 35774 MB/s
[   26.576532] raid6: avx2x2   xor() 22482 MB/s
[   26.733669] raid6: avx2x4   gen() 41156 MB/s
[   26.860568] raid6: avx2x4   xor() 25291 MB/s
[   27.004269] raid6: using algorithm avx2x4 gen() 41156 MB/s
[   27.123984] raid6: .... xor() 25291 MB/s, rmw enabled
[   27.265589] raid6: using avx2x2 recovery algorithm
[   27.269225] xor: automatically using best checksumming function   avx       
[   27.396630] async_tx: api initialized (async)
done.
Begin: Running /scripts/init-pre[   27.431949] Btrfs loaded, crc32c=crc32c-intel
mount ... done.
Begin: Mounting root file syste[   27.596124] EXT4-fs (sda1): mounted filesystem with ordered data mode. Opts: (null)
m ... Begin: Running /scripts/local-top ... done.
Begin: Running /scripts/local-premount ... Scanning for Btrfs filesystems
done.
Warning: fsck not present, so skipping root file system
done.
Begin: Running /scripts/local-bottom ... done.
Begin: Running /scripts/init-bottom ... done.
[   27.887005] ip_tables: (C) 2000-2006 Netfilter Core Team
[   28.080713] systemd[1]: systemd 237 running in system mode. (+PAM +AUDIT +SELINUX +IMA +APPARMOR +SMACK +SYSVINIT +UTMP +LIBCRYPTSETUP +GCRYPT +GNUTLS +ACL +XZ +LZ4 +SECCOMP +BLKID +ELFUTILS +KMOD -IDN2 +IDN -PCRE2 default-hierarchy=hybrid)
[   28.462476] systemd[1]: Detected virtualization oracle.
[   28.463312] systemd[1]: Detected architecture x86-64.

Welcome to [1mUbuntu 18.04.3 LTS[0m!

[   28.472144] systemd[1]: Set hostname to <ubuntu>.
[   28.536707] systemd[1]: Initializing machine ID from random generator.
[   28.722785] systemd[1]: Installed transient /etc/machine-id file.
[   29.127419] systemd[1]: Started Forward Password Requests to Wall Directory Watch.
[[0;32m  OK  [0m] Started Forward Password Requests to Wall Directory Watch.
[   29.130076] systemd[1]: Reached target User and Group Name Lookups.
[[0;32m  OK  [0m] Reached target User and Group Name Lookups.
[   29.336943] systemd[1]: Set up automount Arbitrary Executable File Formats File System Automount Point.
[[0;32m  OK  [0m] Set up automount Arbitrary Executab…rmats File System Automount Point.
[   29.590595] systemd[1]: Created slice System Slice.
[[0;32m  OK  [0m] Created slice System Slice.
[[0;32m  OK  [0m] Listening on LVM2 metadata daemon socket.
[[0;32m  OK  [0m] Created slice system-serial\x2dgetty.slice.
[[0;32m  OK  [0m] Listening on Journal Socket (/dev/log).
[[0;32m  OK  [0m] Listening on Network Service Netlink Socket.
[[0;32m  OK  [0m] Listening on Journal Socket.
         Starting Create list of required st…ce nodes for the current kernel...
         Mounting Kernel Debug File System...
         Mounting POSIX Message Queue File System...
         Starting Load Ke[   30.088994] Loading iSCSI transport class v2.0-870.
rnel Modules...[   31.199271] iscsi: registered transport (tcp)
[   32.167001] random: crng init done

[   32.359530] random: 7 urandom warning(s) missed due to ratelimiting
[   33.736802] systemd[1]: Listening on LVM2 poll daemon socket.
[[0;32m  OK  [[   33.796872] iscsi: registered transport (iser)
0m] Listening on LVM2 poll daemon socket.
[   34.029117] systemd[1]: Starting Uncomplicated firewall...
         Starting Uncomplicated firewall...
[   34.170169] systemd[1]: Listening on /dev/initctl Compatibility Named Pipe.
[[0;32m  OK  [0m] Listening on /dev/initctl Compatibility Named Pipe.
[   35.808658] systemd[1]: Listening on Device-mapper event daemon FIFOs.
[[0;32m  OK  [0m] Listening on Device-mapper event daemon FIFOs.
[   37.276817] systemd[1]: Starting Monitoring of LVM2 mirrors, snapshots etc. using dmeventd or progress polling...
         Starting Monitoring of LVM2 mirrors…ng dmeventd or progress polling...
[   37.497792] systemd[1]: Starting Remount Root and Kernel File Systems...
         Startin[   37.654815] EXT4-fs (sda1): re-mounted. Opts: (null)
g Remount Root and Kernel File Systems...
[   37.761164] systemd[1]: Starting Set the console keyboard layout...
         Starting Set the console keyboard layout...
[   37.970317] systemd[1]: Reached target System Time Synchronized.
[[0;32m  OK  [0m] Reached target System Time Synchronized.
[   38.084489] systemd[1]: Listening on udev Kernel Socket.
[[0;32m  OK  [0m] Listening on udev Kernel Socket.
[   38.224987] systemd[1]: Listening on Journal Audit Socket.
[[0;32m  OK  [0m] Listening on Journal Audit Socket.
[   39.401179] systemd[1]: Reached target Swap.
[[0;32m  OK  [0m] Reached target Swap.
[   39.402939] systemd[1]: Created slice User and Session Slice.
[[0;32m  OK  [0m] Created slice User and Session Slice.
[   39.452154] systemd[1]: Reached target Slices.
[[0;32m  OK  [0m] Reached target Slices.
[   40.568677] systemd[1]: Listening on Syslog Socket.
[[0;32m  OK  [0m] Listening on Syslog Socket.
[   41.723430] systemd[1]: Starting Journal Service...
         Starting Journal Service...
[   41.858614] systemd[1]: Mounting Huge Pages File System...
         Mounting Huge Pages File System...
[   41.860445] systemd[1]: Listening on udev Control Socket.
[[0;32m  OK  [0m] Listening on udev Control Socket.
[   41.878456] systemd[1]: Starting udev Coldplug all Devices...
         Starting udev Coldplug all Devices...
[   41.941113] systemd[1]: Started Journal Service.
[[0;32m  OK  [0m] Started Journal Service.
[[0;32m  OK  [0m] Started Create list of required sta…vice nodes for the current kernel.
[[0;32m  OK  [0m] Mounted Kernel Debug File System.
[[0;32m  OK  [0m] Mounted POSIX Message Queue File System.
[[0;32m  OK  [0m] Started Load Kernel Modules.
[[0;32m  OK  [0m] Started Uncomplicated firewall.
[[0;32m  OK  [0m] Started Remount Root and Kernel File Systems.
[[0;32m  OK  [0m] Started Set the console keyboard layout.
[[0;32m  OK  [0m] Mounted Huge Pages File System.
[[0;32m  OK  [0m] Started LVM2 metadata daemon.
         Starting Load/Save Random Seed...
         Starting Apply Kernel Variables...
         Mounting FUSE Control File System...
         Mounting Kernel Configuration File System...
         Starting Create Static Device Nodes in /dev...
         Starting Flush Journal to Persistent Storage...
[[0;32m  OK  [0m] Started Monitoring of LVM2 mirrors,…sing dmeventd or progress polling.
[[0;32m  OK  [0m] Started udev Coldplug all Devices.
[[0;32m  OK  [0m] Started Load/Save Random Seed.
[[0;32m  OK  [0m] Started Apply Kernel Variables.
[[0;32m  OK  [0m] Mounted FUSE Control File System.
[[0;32m  OK  [0m] Mounted Kernel Configuration File System.
[[0;32m  OK  [0m] Started Create Static Device Nodes in /dev.
         Starting udev Kernel Device Manager...
[[0;32m  OK  [0m] Reached target Local File Systems (Pre).
[[0;32m  OK  [0m] Reached target Local File Systems.
         Starting AppArmor initialization...
         Starting Tell Plymouth To Write Out Runtime Data...
         Starting Set console font and keymap...
         Starting ebtables ruleset management...
         Starting Commit a transient machine-id on disk...
[[0;32m  OK  [0m] Started udev Kernel Device Manager.
[[0;32m  OK  [0m] Started Flush Journal to Persistent Storage.
         Starting Create Volatile Files and Directories...
[[0;32m  OK  [0m] Started Dispatch Password Requests to Console Directory Watch.
[[0;32m  OK  [0m] Reached target Local Encrypted Volumes.
[[0;32m  OK  [0m] Started Tell Plymouth To Write Out Runtime Data.
[[0;32m  OK  [0m] Started Set console font and keymap.
[[0;32m  OK  [0m] Started Commit a transient machine-id on disk.
[[0;32m  OK  [0m] Started Create Volatile Files and Directories.
[[0;32m  OK  [0m] Found device /dev/ttyS0.
[[0;32m  OK  [0m] Started ebtables ruleset management.
[[0;32m  OK  [0m] Listening on Load/Save RF Kill Switch Status /dev/rfkill Watch.
         Starting Update UTMP about System Boot/Shutdown...
[[0;32m  OK  [0m] Started Update UTMP about System Boot/Shutdown.
[[0;32m  OK  [0m] Started AppArmor initialization.
         Starting Initial cloud-init job (pre-networking)...
[   45.538484] cloud-init[552]: Cloud-init v. 19.3-41-gc4735dd3-0ubuntu1~18.04.1 running 'init-local' at Fri, 10 Jan 2020 22:02:30 +0000. Up 45.20 seconds.
[[0;32m  OK  [0m] Started Initial cloud-init job (pre-networking).
[[0;32m  OK  [0m] Reached target Network (Pre).
         Starting Network Service...
[[0;32m  OK  [0m] Started Network Service.
         Starting Wait for Network to be Configured...
         Starting Network Name Resolution...
[[0;32m  OK  [0m] Started Network Name Resolution.
[[0;32m  OK  [0m] Reached target Host and Network Name Lookups.
[[0;32m  OK  [0m] Reached target Network.
[[0;32m  OK  [0m] Started Wait for Network to be Configured.
         Starting Initial cloud-init job (metadata service crawler)...
[   47.524228] cloud-init[681]: Cloud-init v. 19.3-41-gc4735dd3-0ubuntu1~18.04.1 running 'init' at Fri, 10 Jan 2020 22:02:32 +0000. Up 47.37 seconds.
[   47.541035] cloud-init[681]: ci-info: ++++++++++++++++++++++++++++++++++++++Net device info++++++++++++++++++++++++++++++++++++++
[   47.543075] cloud-init[681]: ci-info: +--------+------+----------------------------+---------------+--------+-------------------+
[   47.545193] cloud-init[681]: ci-info: | Device |  Up  |          Address           |      Mask     | Scope  |     Hw-Address    |
[   47.547446] cloud-init[681]: ci-info: +--------+------+----------------------------+---------------+--------+-------------------+
[   47.549718] cloud-init[681]: ci-info: | enp0s3 | True |         10.0.2.15          | 255.255.255.0 | global | 02:57:a3:c3:eb:b7 |
[   47.551355] cloud-init[681]: ci-info: | enp0s3 | True | fe80::57:a3ff:fec3:ebb7/64 |       .       |  link  | 02:57:a3:c3:eb:b7 |
[   47.553005] cloud-init[681]: ci-info: |   lo   | True |         127.0.0.1          |   255.0.0.0   |  host  |         .         |
[   47.555718] cloud-init[681]: ci-info: |   lo   | True |          ::1/128           |       .       |  host  |         .         |
[   47.572405] cloud-init[681]: ci-info: +--------+------+----------------------------+---------------+--------+-------------------+
[   47.574172] cloud-init[681]: ci-info: ++++++++++++++++++++++++++++Route IPv4 info+++++++++++++++++++++++++++++
[   47.656208] cloud-init[681]: ci-info: +-------+-------------+----------+-----------------+-----------+-------+
[   47.657734] cloud-init[681]: ci-info: | Route | Destination | Gateway  |     Genmask     | Interface | Flags |
[   47.659170] cloud-init[681]: ci-info: +-------+-------------+----------+-----------------+-----------+-------+
[   47.669054] cloud-init[681]: ci-info: |   0   |   0.0.0.0   | 10.0.2.2 |     0.0.0.0     |   enp0s3  |   UG  |
[   47.670520] cloud-init[681]: ci-info: |   1   |   10.0.2.0  | 0.0.0.0  |  255.255.255.0  |   enp0s3  |   U   |
[   47.671949] cloud-init[681]: ci-info: |   2   |   10.0.2.2  | 0.0.0.0  | 255.255.255.255 |   enp0s3  |   UH  |
[   47.684072] cloud-init[681]: ci-info: +-------+-------------+----------+-----------------+-----------+-------+
[   47.685813] cloud-init[681]: ci-info: +++++++++++++++++++Route IPv6 info+++++++++++++++++++
[   47.701787] cloud-init[681]: ci-info: +-------+-------------+---------+-----------+-------+
[   47.704431] cloud-init[681]: ci-info: | Route | Destination | Gateway | Interface | Flags |
[   47.705696] cloud-init[681]: ci-info: +-------+-------------+---------+-----------+-------+
[   47.707068] cloud-init[681]: ci-info: |   1   |  fe80::/64  |    ::   |   enp0s3  |   U   |
[   47.708408] cloud-init[681]: ci-info: |   3   |    local    |    ::   |   enp0s3  |   U   |
[   47.709664] cloud-init[681]: ci-info: |   4   |   ff00::/8  |    ::   |   enp0s3  |   U   |
[   47.710918] cloud-init[681]: ci-info: +-------+-------------+---------+-----------+-------+
[   48.058289] cloud-init[681]: Generating public/private rsa key pair.
[[   48.116109] cloud-init[681]: Your identification has been saved in /etc/ssh/ssh_host_rsa_key.
[   48.116214] cloud-init[681]: Your public key has been saved in /etc/ssh/ssh_host_rsa_key.pub.
[0;32m  OK  [0m] Started Initial cloud-init job (metadata service crawler).
[   48.116391] cloud-init[681]: The key fingerprint is:
[[   48.269616] cloud-init[681]: SHA256:l/fK5j4IlGheACTk5izfuE1i3NkTvcdt6d2cIYCEZGw root@ubuntu-bionic
[   48.270329] cloud-init[681]: The key's randomart image is:
[0;32m  OK  [0m] Reached target System Initialization.
[[   48.271357] cloud-init[681]: +---[RSA 2048]----+
[   48.341741] cloud-init[681]: | .o.o..o         |
[0;32m  OK  [0m] Started Daily Cleanup of Temporary Directories.
[   48.342679] cloud-init[681]: | . .  +E.        |
[   48.429714] cloud-init[681]: |  o   .+ o       |
[   48.429782] cloud-init[681]: | +    o.= ..     |
[[0;32m  OK  [0m] Started ACPI Events Check.
[   48.429902] cloud-init[681]: |. o  o.oS.o..    |
         [   48.596473] Starting LXD - unix socket.cloud-init
[681]: | + + o...+ o.o   |
[[   48.684753] cloud-init[681]: |  * = o ..o.+... |
[   48.684886] cloud-init[681]: | . =   . ..+oo.oo|
[0;32m  OK  [0m] Listening on Open-iSCSI iscsid Socket.
[   48.685030] cloud-init[681]: |  . .      +*...o|
[[   48.817282] cloud-init[681]: +----[SHA256]-----+
[   48.818001] cloud-init[681]: Generating public/private dsa key pair.
[0;32m  OK  [0m] Listening on ACPID Listen Socket.
[   48.818975] cloud-init[681]: Your identification has been saved in /etc/ssh/ssh_host_dsa_key.
[[0;32m  OK  [0m] Listening on UUID daemon activation socket.
[[0;32m  OK  [0m] Started Daily apt download activities.
[[0;32m  OK  [0m] Started Daily apt upgrade and clean activities.
[[0;32m  OK  [0m] Started Discard unused blocks once a week.
[   48.918658] cloud-init[681]: Your public key has been saved in /etc/ssh/ssh_host_dsa_key.pub.
[   49.092849] cloud-init[681]: The key fingerprint is:
[   49.114356] cloud-init[681]: SHA256:UmKD3Lj24owGIsIIbMEAeFZbzmREmr157QEO42TQBCo root@ubuntu-bionic
[[0;32m  OK  [0m] Reached target Paths.
[   49.159815] cloud-init[681]: The key's randomart image is:
[   49.382626]          cloud-initStarting Socket activation for snappy daemon.[681]: 
+---[DSA 1024]----+
[[0;32m  OK  [0m] Started Message of the Day.
[   49.432883] cloud-init[681]: |B  .+*B          |
[[0;32m  OK  [0m] Reached target Timers.
[   49.496583] [[0;32m  OK  [0m] Listening on D-Bus System Message Bus Socket.
[[0;32m  OK  [0m] Reached target Cloud-config availability.
cloud-init[681]: |.ooo /.          |
[[0;32m  OK  [0m] Reached target Network is Online.
[   49.578173] cloud-init[681]: |Eoo B & o        |
         Starting Availability of block devices...
[[0;32m  OK  [0m] Reached target Remote File Systems (Pre).
[[0;32m  OK  [0m] Reached target Remote File Systems.
[   49.644785] cloud-init[681]: |.+   * X o       |
[[0;32m  OK  [0m] Listening on LXD - unix socket.
[   49.781115] cloud-init[681]: |=   o = S o      |
[   49.821081] [cloud-init[0;32m  OK  [0m[681]: ] |*. . . o . .     |Listening on Socket activation for snappy daemon.

[[0;32m  OK  [0m] Started Availability of block devices.
[   49.876239] cloud-init[681]: |+.  . .   .      |
[[0;32m  OK  [0m] Reached target Sockets.
[[0;32m  OK  [0m] Reached target Basic System.
[   49.920504] cloud-init[681]: |  .+ .           |
[[0;32m  OK  [0m] Started FUSE filesystem for LXC.
[   49.988952] cloud-init[681]: | .. o            |
         Starting Virtualbox guest utils...
[   50.042344] cloud-init[681]: +----[SHA256]-----+
[[0;32m  OK  [0m] Started irqbalance daemon.
[   50.114949] cloud-init[681]: Generating public/private ecdsa key pair.
         Starting System Logging Service...
[   50.173364] cloud-init[681]: Your identification has been saved in /etc/ssh/ssh_host_ecdsa_key.
[   50.247239] [cloud-init[0;32m  OK  [0m[681]: ] Your public key has been saved in /etc/ssh/ssh_host_ecdsa_key.pub.Started Regular background program processing daemon.

         Starting Pollinate to seed the pseudo random number generator...
[   50.329201] cloud-init[681]:          Starting Permit User Sessions...
The key fingerprint is:
[   50.347963] [[0;32m  OK  [0m] Started D-Bus System Message Bus.
cloud-init[681]: SHA256:nvL67zzq0xFUl9fjYAuyXOjfsajyqZPzTULUSHN4GP4 root@ubuntu-bionic
[   50.364174] cloud-init[681]: The key's randomart image is:
[   50.440376]          cloud-initStarting LSB: automatic crash report generation...[681]: 
+---[ECDSA 256]---+
         Starting LSB: Record successful boot for GRUB...
[   50.536709] cloud-init[681]: |         +=o. ...|
[   50.608630]          cloud-initStarting Accounts Service...[681]: 
|        o=*+ +..o|
         Starting Snappy daemon...
[   50.648610] cloud-init[681]: |        o==.o +..|
[   50.662710]          Starting Login Service...
cloud-init[681]: |        .+o  o . |
[   50.664929] cloud-init[681]: |        S..Eo o  |
[   50.676138] cloud-init[681]: |       ....o o   |
         Starting Dispatcher daemon for systemd-networkd...
[[0;32m  OK  [0m] Started Deferred execution scheduler.
[   50.710876] cloud-init[681]: |      . +o.o     |
         Starting LXD - container startup/shutdown...
[   50.753296] cloud-init[681]: |       B.oB      |
[[0;32m  OK  [0m] Started System Logging Service.
[   50.813641] cloud-init[681]: [[0;32m  OK  [0m] Started Permit User Sessions.
|      .=%O+o     |
[   50.820146] cloud-init[681]: +----[SHA256]-----+
[   50.824309] cloud-init[681]: Generating public/private ed25519 key pair.
[[0;32m  OK  [0m] Started Login Service.
[[0;32m  OK  [0m[   50.855536] cloud-init[681]: Your identification has been saved in /etc/ssh/ssh_host_ed25519_key.
] Started LXD - container startup/shutdown.
[[0;32m  OK  [0m] Started Unattended Upgrades Shutdown.
[   50.877073] cloud-init[681]: Your public key has been saved in /etc/ssh/ssh_host_ed25519_key.pub.
         [   51.096196] Starting Authorization Manager...cloud-init
[681]: The key fingerprint is:
         Starting Hold until boot process finishes up...
[   51.109249] cloud-init[681]: SHA256:qLFPxfWbLJZ5OANB8Mbz3yrjmiV3w9SnH/wd0LW5N4Y root@ubuntu-bionic
[   51.116264] cloud-init[681]: The key's randomart image is:
[   51.116330] cloud-init[681]: +--[ED25519 256]--+
[   51.116510] cloud-init[681]: |      ...        |
[   51.116688] cloud-init[681]: |       +         |
[   51.116870] cloud-init[681]: |        * .     .|
[   51.117047] cloud-init[681]: |       + = . .. +|
         Starting Terminate Plymouth Boot Screen...
[[0;32m  OK  [0m[   51.117218] ] cloud-initStarted Dispatcher daemon for systemd-networkd.[681]: 
|    . . S . o..+.|
[   51.352242] cloud-init[681]: |     + . . O ++o.|
[   51.352310] cloud-init[681]: |    o . . @ XEoB.|
[[0;32m  OK  [0m] Started Snappy daemon.
[   51.352460] cloud-init[681]: |     o   *o* o..B|
[[0;32m  OK  [0m[   51.441492] cloud-init[681]: |      . oo.o.   +|
[   51.441598] cloud-init[681]: +----[SHA256]-----+
] Started Virtualbox guest utils.
[[0;32m  OK  [0m] Started LSB: automatic crash report generation.
[[0;32m  OK  [0m] Started LSB: Record successful boot for GRUB.
[[0;32m  OK  [0m] Started Hold until boot process finishes up.
[[0;32m  OK  [0m] Started Terminate Plymouth Boot Screen.
[[0;32m  OK  [0m] Started Authorization Manager.
[[0;32m  OK  [0m] Started Accounts Service.
[[0;32m  OK  [0m] Started Serial Getty on ttyS0.
         Starting Set console scheme...
         Starting Wait until snapd is fully seeded...
[[0;32m  OK  [0m] Started Set console scheme.
[[0;32m  OK  [0m] Created slice system-getty.slice.
[[0;32m  OK  [0m] Started Getty on tty1.
[[0;32m  OK  [0m] Reached target Login Prompts.
[[0;32m  OK  [0m] Started Pollinate to seed the pseudo random number generator.
         Starting OpenBSD Secure Shell server...
[[0;32m  OK  [0m] Started OpenBSD Secure Shell server.
[[0;32m  OK  [0m] Created slice User Slice of vagrant.
         Starting User Manager for UID 1000...
[[0;32m  OK  [0m] Started Session 1 of user vagrant.
[[0;32m  OK  [0m] Started User Manager for UID 1000.
[[0;32m  OK  [0m] Started Wait until snapd is fully seeded.
[[0;32m  OK  [0m] Reached target Multi-User System.
[[0;32m  OK  [0m] Reached target Graphical Interface.
         Starting Update UTMP about System Runlevel Changes...
         Starting Apply the settings specified in cloud-config...
[[0;32m  OK  [0m] Started Update UTMP about System Runlevel Changes.
[   55.485210] cloud-init[1614]: Cloud-init v. 19.3-41-gc4735dd3-0ubuntu1~18.04.1 running 'modules:config' at Fri, 10 Jan 2020 22:02:40 +0000. Up 55.14 seconds.
[[0;32m  OK  [0m] Started Apply the settings specified in cloud-config.
         Starting Execute cloud user/final scripts...
         Stopping User Manager for UID 1000...
[[0;32m  OK  [0m] Stopped User Manager for UID 1000.
[[0;32m  OK  [0m] Removed slice User Slice of vagrant.
[[0;32m  OK  [0m] Created slice User Slice of vagrant.
         Starting User Manager for UID 1000...
[[0;32m  OK  [0m] Started User Manager for UID 1000.
[[0;32m  OK  [0m] Started Session 3 of user vagrant.
ci-info: no authorized ssh keys fingerprints found for user ubuntu.
<14>Jan 10 22:02:41 ec2: 
<14>Jan 10 22:02:41 ec2: #############################################################
<14>Jan 10 22:02:41 ec2: -----BEGIN SSH HOST KEY FINGERPRINTS-----
<14>Jan 10 22:02:41 ec2: 1024 SHA256:UmKD3Lj24owGIsIIbMEAeFZbzmREmr157QEO42TQBCo root@ubuntu-bionic (DSA)
<14>Jan 10 22:02:41 ec2: 256 SHA256:nvL67zzq0xFUl9fjYAuyXOjfsajyqZPzTULUSHN4GP4 root@ubuntu-bionic (ECDSA)
<14>Jan 10 22:02:41 ec2: 256 SHA256:qLFPxfWbLJZ5OANB8Mbz3yrjmiV3w9SnH/wd0LW5N4Y root@ubuntu-bionic (ED25519)
<14>Jan 10 22:02:41 ec2: 2048 SHA256:l/fK5j4IlGheACTk5izfuE1i3NkTvcdt6d2cIYCEZGw root@ubuntu-bionic (RSA)
<14>Jan 10 22:02:41 ec2: -----END SSH HOST KEY FINGERPRINTS-----
<14>Jan 10 22:02:41 ec2: #############################################################
-----BEGIN SSH HOST KEY KEYS-----
ecdsa-sha2-nistp256 AAAAE2VjZHNhLXNoYTItbmlzdHAyNTYAAAAIbmlzdHAyNTYAAABBBGiF++oqGwxuz+itcffxjISgVf+uMwfe1fG2rD211MBMTXIfX+Uh8WNo4QMsrzxk199keGnAg6AkMfxrWrOVrkY= root@ubuntu-bionic
ssh-ed25519 AAAAC3NzaC1lZDI1NTE5AAAAIGYEhDXh0eYuHnORpE7RN5seciuJYfqhMGeNMCq2e/kU root@ubuntu-bionic
ssh-rsa AAAAB3NzaC1yc2EAAAADAQABAAABAQC9eaYbjFCRZQpFAsULP44tG4qA8LN4+yeRTRVoghV9KLvoDQkjlmwD3XCA1v2ybhnsYnlnGWCeg2Clgc3YyPWYs2WXUNqZERccwLr/7CETq8PJY8K4Rb7yTw64GH0fakpmAw1y/wz7dvqaQjd+bULoJlcw6Hd1AVrsWQ3d8JqhvBqhmo6g5l+YfgL6LCsA+0SQRU0vg81mHKdxAXwIiQI50YvywfCjAiGHKyXsDyYttRhtf/YU122ejs2g2O1djKRYCwug3bjGRJ1SWNYYWLDjDsmtydt0IfZEBSRFmI88IhfotChtWbKJtwQHzFZmhYjBVdOYkygVzgHALgM7qTzn root@ubuntu-bionic
-----END SSH HOST KEY KEYS-----
[   57.153703] cloud-init[1717]: Cloud-init v. 19.3-41-gc4735dd3-0ubuntu1~18.04.1 running 'modules:final' at Fri, 10 Jan 2020 22:02:41 +0000. Up 56.05 seconds.
[   57.154047] cloud-init[1717]: ci-info: no authorized ssh keys fingerprints found for user ubuntu.
[   57.154089] cloud-init[1717]: Cloud-init v. 19.3-41-gc4735dd3-0ubuntu1~18.04.1 finished at Fri, 10 Jan 2020 22:02:42 +0000. Datasource DataSourceNoCloud [seed=/dev/sdb][dsmode=net].  Up 57.14 seconds

Ubuntu 18.04.3 LTS ubuntu-bionic ttyS0

ubuntu-bionic login: 